  Human.cpp
C:\Users\Kiki\source\repos\Kimulation\grass_simp\Human.h(10,9): error C2653: 'gl': is not a class or namespace name
C:\Users\Kiki\source\repos\Kimulation\grass_simp\Human.h(10,19): error C3646: 'get_pos': unknown override specifier
C:\Users\Kiki\source\repos\Kimulation\grass_simp\Human.h(10,27): error C2059: syntax error: ')'
C:\Users\Kiki\source\repos\Kimulation\grass_simp\Human.h(10,29): error C2334: unexpected token(s) preceding '{'; skipping apparent function body
C:\Users\Kiki\source\repos\Kimulation\grass_simp\Human.h(11,23): error C2653: 'gl': is not a class or namespace name
C:\Users\Kiki\source\repos\Kimulation\grass_simp\Human.h(11,27): error C2061: syntax error: identifier 'vec2i'
C:\Users\Kiki\source\repos\Kimulation\grass_simp\Human.h(18,2): error C2653: 'gl': is not a class or namespace name
C:\Users\Kiki\source\repos\Kimulation\grass_simp\Human.h(18,12): error C3646: 'pos_person': unknown override specifier
C:\Users\Kiki\source\repos\Kimulation\grass_simp\Human.h(18,22): error C4430: missing type specifier - int assumed. Note: C++ does not support default-int
C:\Users\Kiki\source\repos\Kimulation\grass_simp\Human.h(11,41): error C2065: 'pos_person': undeclared identifier
C:\Users\Kiki\source\repos\Kimulation\grass_simp\Human.h(11,54): error C2065: 'pos': undeclared identifier
  Karta.cpp
C:\Users\Kiki\source\repos\Kimulation\grass_simp\Human.h(10,9): error C2653: 'gl': is not a class or namespace name
C:\Users\Kiki\source\repos\Kimulation\grass_simp\Human.h(10,19): error C3646: 'get_pos': unknown override specifier
C:\Users\Kiki\source\repos\Kimulation\grass_simp\Human.h(10,27): error C2059: syntax error: ')'
C:\Users\Kiki\source\repos\Kimulation\grass_simp\Human.h(10,29): error C2334: unexpected token(s) preceding '{'; skipping apparent function body
C:\Users\Kiki\source\repos\Kimulation\grass_simp\Human.h(11,23): error C2653: 'gl': is not a class or namespace name
C:\Users\Kiki\source\repos\Kimulation\grass_simp\Human.h(11,27): error C2061: syntax error: identifier 'vec2i'
C:\Users\Kiki\source\repos\Kimulation\grass_simp\Human.h(18,2): error C2653: 'gl': is not a class or namespace name
C:\Users\Kiki\source\repos\Kimulation\grass_simp\Human.h(18,12): error C3646: 'pos_person': unknown override specifier
C:\Users\Kiki\source\repos\Kimulation\grass_simp\Human.h(18,22): error C4430: missing type specifier - int assumed. Note: C++ does not support default-int
C:\Users\Kiki\source\repos\Kimulation\grass_simp\Human.h(11,41): error C2065: 'pos_person': undeclared identifier
C:\Users\Kiki\source\repos\Kimulation\grass_simp\Human.h(11,54): error C2065: 'pos': undeclared identifier
  Okno.cpp
C:\Users\Kiki\source\repos\Kimulation\grass_simp\Human.h(10,9): error C2653: 'gl': is not a class or namespace name
C:\Users\Kiki\source\repos\Kimulation\grass_simp\Human.h(10,19): error C3646: 'get_pos': unknown override specifier
C:\Users\Kiki\source\repos\Kimulation\grass_simp\Human.h(10,27): error C2059: syntax error: ')'
C:\Users\Kiki\source\repos\Kimulation\grass_simp\Human.h(10,29): error C2334: unexpected token(s) preceding '{'; skipping apparent function body
C:\Users\Kiki\source\repos\Kimulation\grass_simp\Human.h(11,23): error C2653: 'gl': is not a class or namespace name
C:\Users\Kiki\source\repos\Kimulation\grass_simp\Human.h(11,27): error C2061: syntax error: identifier 'vec2i'
C:\Users\Kiki\source\repos\Kimulation\grass_simp\Human.h(18,2): error C2653: 'gl': is not a class or namespace name
C:\Users\Kiki\source\repos\Kimulation\grass_simp\Human.h(18,12): error C3646: 'pos_person': unknown override specifier
C:\Users\Kiki\source\repos\Kimulation\grass_simp\Human.h(18,22): error C4430: missing type specifier - int assumed. Note: C++ does not support default-int
C:\Users\Kiki\source\repos\Kimulation\grass_simp\Human.h(11,41): error C2065: 'pos_person': undeclared identifier
C:\Users\Kiki\source\repos\Kimulation\grass_simp\Human.h(11,54): error C2065: 'pos': undeclared identifier
C:\Users\Kiki\source\repos\Kimulation\grass_simp\Okno.cpp(15,40): warning C4244: 'argument': conversion from 'int' to 'float', possible loss of data
C:\Users\Kiki\source\repos\Kimulation\grass_simp\Okno.cpp(16,109): warning C4244: 'argument': conversion from 'int' to 'float', possible loss of data
C:\Users\Kiki\source\repos\Kimulation\grass_simp\Okno.cpp(16,53): warning C4244: 'argument': conversion from 'int' to 'float', possible loss of data
C:\Users\Kiki\source\repos\Kimulation\grass_simp\Okno.cpp(23,12): warning C4244: 'initializing': conversion from 'float' to 'int', possible loss of data
C:\Users\Kiki\source\repos\Kimulation\grass_simp\Okno.cpp(24,65): warning C4267: '=': conversion from 'size_t' to 'int', possible loss of data
C:\Users\Kiki\source\repos\Kimulation\grass_simp\Okno.cpp(33,58): warning C4244: 'argument': conversion from 'int' to 'T', possible loss of data
          with
          [
              T=float
          ]
C:\Users\Kiki\source\repos\Kimulation\grass_simp\Okno.cpp(33,41): warning C4244: 'argument': conversion from 'int' to 'T', possible loss of data
          with
          [
              T=float
          ]
C:\Users\Kiki\source\repos\Kimulation\grass_simp\Okno.cpp(57,28): warning C4305: 'argument': truncation from 'double' to 'float'
C:\Users\Kiki\source\repos\Kimulation\grass_simp\Okno.cpp(57,20): warning C4244: 'argument': conversion from 'float' to 'int', possible loss of data
C:\Users\Kiki\source\repos\Kimulation\grass_simp\Okno.cpp(57,17): warning C4244: 'argument': conversion from 'float' to 'int', possible loss of data
C:\Users\Kiki\source\repos\Kimulation\grass_simp\Okno.cpp(65,65): warning C4305: 'argument': truncation from 'double' to 'float'
C:\Users\Kiki\source\repos\Kimulation\grass_simp\Okno.cpp(69,50): warning C4305: 'argument': truncation from 'double' to 'float'
  main.cpp
C:\Users\Kiki\source\repos\Kimulation\grass_simp\Human.h(10,9): error C2653: 'gl': is not a class or namespace name
C:\Users\Kiki\source\repos\Kimulation\grass_simp\Human.h(10,19): error C3646: 'get_pos': unknown override specifier
C:\Users\Kiki\source\repos\Kimulation\grass_simp\Human.h(10,27): error C2059: syntax error: ')'
C:\Users\Kiki\source\repos\Kimulation\grass_simp\Human.h(10,29): error C2334: unexpected token(s) preceding '{'; skipping apparent function body
C:\Users\Kiki\source\repos\Kimulation\grass_simp\Human.h(11,23): error C2653: 'gl': is not a class or namespace name
C:\Users\Kiki\source\repos\Kimulation\grass_simp\Human.h(11,27): error C2061: syntax error: identifier 'vec2i'
C:\Users\Kiki\source\repos\Kimulation\grass_simp\Human.h(18,2): error C2653: 'gl': is not a class or namespace name
C:\Users\Kiki\source\repos\Kimulation\grass_simp\Human.h(18,12): error C3646: 'pos_person': unknown override specifier
C:\Users\Kiki\source\repos\Kimulation\grass_simp\Human.h(18,22): error C4430: missing type specifier - int assumed. Note: C++ does not support default-int
C:\Users\Kiki\source\repos\Kimulation\grass_simp\Human.h(11,41): error C2065: 'pos_person': undeclared identifier
C:\Users\Kiki\source\repos\Kimulation\grass_simp\Human.h(11,54): error C2065: 'pos': undeclared identifier
  Generating Code...
